<?xml version="1.0" encoding="UTF-8"?>
<coverage generated="1741700482722" clover="3.2.0">
  <project timestamp="1741700482722" name="All files">
    <metrics statements="10" coveredstatements="8" conditionals="3" coveredconditionals="2" methods="1" coveredmethods="0" elements="14" coveredelements="10" complexity="0" loc="10" ncloc="10" packages="1" files="1" classes="1"/>
    <file name="index.js" path="/Users/I578046/greeno-flowers/index.js">
      <metrics statements="10" coveredstatements="8" conditionals="3" coveredconditionals="2" methods="1" coveredmethods="0"/>
      <line num="1" count="1" type="stmt"/>
      <line num="2" count="1" type="stmt"/>
      <line num="3" count="1" type="stmt"/>
      <line num="4" count="1" type="cond" truecount="1" falsecount="0"/>
      <line num="6" count="1" type="stmt"/>
      <line num="7" count="1" type="stmt"/>
      <line num="9" count="1" type="cond" truecount="1" falsecount="1"/>
      <line num="10" count="0" type="stmt"/>
      <line num="11" count="0" type="stmt"/>
      <line num="15" count="1" type="stmt"/>
    </file>
  </project>
</coverage>
